Command line:
   graphic_generator_tf_isim_beh.exe
     -simmode  gui
     -simrunnum  0
     -socket  50110

Sat Oct 14 17:24:42 2017


 Elaboration Time: 0.03125 sec

 Current Memory Usage: 846.246 Meg

 Total Signals          : 24
 Total Nets             : 86
 Total Signal Drivers   : 16
 Total Blocks           : 3
 Total Primitive Blocks : 2
 Total Processes        : 20
 Total Traceable Variables  : 23
 Total Scalar Nets and Variables : 200
Total Line Count : 34

 Total Simulation Time: 0.03125 sec

 Current Memory Usage: 846.246 Meg

Sat Oct 14 17:25:11 2017

