Command line:
   graphic_generator_isim_beh.exe
     -simmode  gui
     -simrunnum  0
     -socket  55704

Sat Oct 21 17:08:22 2017


 Elaboration Time: 0.03125 sec

 Current Memory Usage: 842.277 Meg

 Total Signals          : 23
 Total Nets             : 86
 Total Signal Drivers   : 12
 Total Blocks           : 2
 Total Primitive Blocks : 2
 Total Processes        : 14
 Total Traceable Variables  : 19
 Total Scalar Nets and Variables : 178
Total Line Count : 30

 Total Simulation Time: 0.0625 sec

 Current Memory Usage: 842.277 Meg

Sat Oct 21 17:08:28 2017

