Command line:
   vga_sync_tf_isim_beh.exe
     -simmode  gui
     -simrunnum  0
     -socket  50162

Thu Oct 12 10:25:40 2017


 Elaboration Time: 0.03125 sec

 Current Memory Usage: 846.307 Meg

 Total Signals          : 28
 Total Nets             : 41
 Total Signal Drivers   : 15
 Total Blocks           : 3
 Total Primitive Blocks : 2
 Total Processes        : 21
 Total Traceable Variables  : 23
 Total Scalar Nets and Variables : 145
Total Line Count : 44

 Total Simulation Time: 3.9375 sec

 Current Memory Usage: 374.448 Meg

Thu Oct 12 10:42:32 2017

